<?xml version="1.0" encoding="UTF-8"?>
<!-- Generated by org.testng.reporters.JUnitReportReporter -->
<testsuite hostname="THUNDURUS" failures="0" tests="1" name="script.AmaPayBal" time="58.083" errors="0" timestamp="02 Oct 2018 03:35:28 GMT" skipped="0">
  <testcase classname="script.AmaPayBal" name="paybal" time="58.083"/>
</testsuite> <!-- script.AmaPayBal -->
