<?xml version="1.0" encoding="UTF-8"?>
<!-- Generated by org.testng.reporters.JUnitReportReporter -->
<testsuite hostname="THUNDURUS" failures="0" tests="1" name="script.Login" time="74.967" errors="0" timestamp="06 Oct 2018 20:09:05 GMT" skipped="0">
  <testcase classname="script.Login" name="log" time="74.967"/>
</testsuite> <!-- script.Login -->
