<?xml version="1.0" encoding="UTF-8"?>
<!-- Generated by org.testng.reporters.JUnitReportReporter -->
<testsuite hostname="THUNDURUS" failures="0" tests="1" name="script.DelthePro" time="144.027" errors="0" timestamp="02 Oct 2018 03:35:28 GMT" skipped="0">
  <testcase classname="script.DelthePro" name="del" time="144.027"/>
</testsuite> <!-- script.DelthePro -->
