<?xml version="1.0" encoding="UTF-8"?>
<!-- Generated by org.testng.reporters.JUnitReportReporter -->
<testsuite hostname="THUNDURUS" failures="0" tests="1" name="script.addtocart" time="377.970" errors="0" timestamp="02 Oct 2018 03:35:28 GMT" skipped="0">
  <testcase classname="script.addtocart" name="atc" time="377.970"/>
</testsuite> <!-- script.addtocart -->
